<?xml version="1.0" encoding="UTF-8" ?>
<testsuite errors="2" failures="1" hostname="alex" name="si_inventarios.ValorParametroControllerSpec" tests="7" time="3.494" timestamp="2015-05-31T00:08:28">
  <properties />
  <testcase classname="si_inventarios.ValorParametroControllerSpec" name="Test the index action returns the correct model" time="1.503" />
  <testcase classname="si_inventarios.ValorParametroControllerSpec" name="Test the create action returns the correct model" time="0.503" />
  <testcase classname="si_inventarios.ValorParametroControllerSpec" name="Test the save action correctly persists an instance" time="0.437">
    <error message="Cannot redirect for object [null] it is not a domain or has no identifier. Use an explicit redirect instead " type="org.codehaus.groovy.grails.web.servlet.mvc.exceptions.CannotRedirectException">org.codehaus.groovy.grails.web.servlet.mvc.exceptions.CannotRedirectException: Cannot redirect for object [null] it is not a domain or has no identifier. Use an explicit redirect instead 
	at si_inventarios.ValorParametroController.tt__save_closure9_closure14(ValorParametroController.groovy:43)
	at si_inventarios.ValorParametroController.$tt__save(ValorParametroController.groovy:40)
	at si_inventarios.ValorParametroControllerSpec.Test the save action correctly persists an instance(ValorParametroControllerSpec.groovy:52)
</error>
  </testcase>
  <testcase classname="si_inventarios.ValorParametroControllerSpec" name="Test that the show action returns the correct model" time="0.323" />
  <testcase classname="si_inventarios.ValorParametroControllerSpec" name="Test that the edit action returns the correct model" time="0.26" />
  <testcase classname="si_inventarios.ValorParametroControllerSpec" name="Test the update action performs an update on a valid domain instance" time="0.319">
    <error message="Cannot get property &apos;id&apos; on null object" type="java.lang.NullPointerException">java.lang.NullPointerException: Cannot get property &apos;id&apos; on null object
	at si_inventarios.ValorParametroControllerSpec.Test the update action performs an update on a valid domain instance(ValorParametroControllerSpec.groovy:118)
</error>
  </testcase>
  <testcase classname="si_inventarios.ValorParametroControllerSpec" name="Test that the delete action deletes an instance if it exists" time="0.138">
    <failure message="Condition not satisfied:&#xa;&#xa;ValorParametro.count() == 1&#xa;               |       |&#xa;               0       false&#xa;" type="junit.framework.AssertionFailedError">junit.framework.AssertionFailedError: Condition not satisfied:

ValorParametro.count() == 1
               |       |
               0       false

	at si_inventarios.ValorParametroControllerSpec.Test that the delete action deletes an instance if it exists(ValorParametroControllerSpec.groovy:136)
</failure>
  </testcase>
  <system-out><![CDATA[--Output from Test the index action returns the correct model--
--Output from Test the create action returns the correct model--
--Output from Test the save action correctly persists an instance--
--Output from Test that the show action returns the correct model--
--Output from Test that the edit action returns the correct model--
--Output from Test the update action performs an update on a valid domain instance--
--Output from Test that the delete action deletes an instance if it exists--
]]></system-out>
  <system-err><![CDATA[--Output from Test the index action returns the correct model--
--Output from Test the create action returns the correct model--
--Output from Test the save action correctly persists an instance--
--Output from Test that the show action returns the correct model--
--Output from Test that the edit action returns the correct model--
--Output from Test the update action performs an update on a valid domain instance--
--Output from Test that the delete action deletes an instance if it exists--
]]></system-err>
</testsuite>
